0 info it worked if it ends with ok
1 verbose cli [ '/usr/local/Cellar/node/5.1.1/bin/node',
1 verbose cli   '/usr/local/bin/npm',
1 verbose cli   'run',
1 verbose cli   'deploy' ]
2 info using npm@3.6.0
3 info using node@v5.1.1
4 verbose run-script [ 'predeploy', 'deploy', 'postdeploy' ]
5 info lifecycle pinguin_backend@1.0.0~predeploy: pinguin_backend@1.0.0
6 silly lifecycle pinguin_backend@1.0.0~predeploy: no script for predeploy, continuing
7 info lifecycle pinguin_backend@1.0.0~deploy: pinguin_backend@1.0.0
8 verbose lifecycle pinguin_backend@1.0.0~deploy: unsafe-perm in lifecycle true
9 verbose lifecycle pinguin_backend@1.0.0~deploy: PATH: /usr/local/lib/node_modules/npm/bin/node-gyp-bin:/Users/Muthu/Sites/pinguin_backend/node_modules/.bin:/Users/Muthu/Downloads/google-cloud-sdk/bin:/usr/local/bin:/usr/bin:/bin:/usr/sbin:/sbin:/usr/local/git/bin:/usr/local/go/bin:/Users/Muthu/Library/Android/sdk/platform-tools
10 verbose lifecycle pinguin_backend@1.0.0~deploy: CWD: /Users/Muthu/Sites/pinguin_backend
11 silly lifecycle pinguin_backend@1.0.0~deploy: Args: [ '-c', 'gcloud app deploy app.yaml' ]
12 silly lifecycle pinguin_backend@1.0.0~deploy: Returned: code: 1  signal: null
13 info lifecycle pinguin_backend@1.0.0~deploy: Failed to exec deploy script
14 verbose stack Error: pinguin_backend@1.0.0 deploy: `gcloud app deploy app.yaml`
14 verbose stack Exit status 1
14 verbose stack     at EventEmitter.<anonymous> (/usr/local/lib/node_modules/npm/lib/utils/lifecycle.js:232:16)
14 verbose stack     at emitTwo (events.js:87:13)
14 verbose stack     at EventEmitter.emit (events.js:172:7)
14 verbose stack     at ChildProcess.<anonymous> (/usr/local/lib/node_modules/npm/lib/utils/spawn.js:24:14)
14 verbose stack     at emitTwo (events.js:87:13)
14 verbose stack     at ChildProcess.emit (events.js:172:7)
14 verbose stack     at maybeClose (internal/child_process.js:818:16)
14 verbose stack     at Process.ChildProcess._handle.onexit (internal/child_process.js:211:5)
15 verbose pkgid pinguin_backend@1.0.0
16 verbose cwd /Users/Muthu/Sites/pinguin_backend
17 error Darwin 15.6.0
18 error argv "/usr/local/Cellar/node/5.1.1/bin/node" "/usr/local/bin/npm" "run" "deploy"
19 error node v5.1.1
20 error npm  v3.6.0
21 error code ELIFECYCLE
22 error pinguin_backend@1.0.0 deploy: `gcloud app deploy app.yaml`
22 error Exit status 1
23 error Failed at the pinguin_backend@1.0.0 deploy script 'gcloud app deploy app.yaml'.
23 error Make sure you have the latest version of node.js and npm installed.
23 error If you do, this is most likely a problem with the pinguin_backend package,
23 error not with npm itself.
23 error Tell the author that this fails on your system:
23 error     gcloud app deploy app.yaml
23 error You can get information on how to open an issue for this project with:
23 error     npm bugs pinguin_backend
23 error Or if that isn't available, you can get their info via:
23 error     npm owner ls pinguin_backend
23 error There is likely additional logging output above.
24 verbose exit [ 1, true ]
